mode: set
rnoblega/client-form3/src/service_client/create.go:10.85,17.16 5 1
rnoblega/client-form3/src/service_client/create.go:22.2,23.32 2 0
rnoblega/client-form3/src/service_client/create.go:29.2,29.37 1 0
rnoblega/client-form3/src/service_client/create.go:17.16,20.3 2 1
rnoblega/client-form3/src/service_client/create.go:23.32,27.3 3 0
rnoblega/client-form3/src/service_client/gateway.go:20.62,25.2 1 0
rnoblega/client-form3/src/service_client/path_builder.go:8.40,10.2 1 1
rnoblega/client-form3/src/service_client/path_builder.go:12.32,14.2 1 1
rnoblega/client-form3/src/service_client/path_builder.go:16.56,18.2 1 1
rnoblega/client-form3/src/service_client/request_builder.go:12.111,22.2 7 1
rnoblega/client-form3/src/service_client/request_builder.go:24.74,31.2 5 1
rnoblega/client-form3/src/configuration/instrumentation.go:5.29,7.2 1 1
rnoblega/client-form3/src/service_client/delete.go:9.67,16.16 5 1
rnoblega/client-form3/src/service_client/delete.go:21.2,21.32 1 0
rnoblega/client-form3/src/service_client/delete.go:27.2,27.18 1 0
rnoblega/client-form3/src/service_client/delete.go:16.16,19.3 2 1
rnoblega/client-form3/src/service_client/delete.go:21.32,25.3 3 0
rnoblega/client-form3/src/service_client/error_builder.go:7.29,9.2 1 1
rnoblega/client-form3/src/service_client/fetch.go:10.66,17.16 5 1
rnoblega/client-form3/src/service_client/fetch.go:22.2,24.32 2 0
rnoblega/client-form3/src/service_client/fetch.go:30.2,30.37 1 0
rnoblega/client-form3/src/service_client/fetch.go:17.16,20.3 2 1
rnoblega/client-form3/src/service_client/fetch.go:24.32,28.3 3 0
rnoblega/client-form3/src/service_client/response_interpreter.go:9.71,15.16 4 1
rnoblega/client-form3/src/service_client/response_interpreter.go:20.2,20.31 1 0
rnoblega/client-form3/src/service_client/response_interpreter.go:15.16,18.3 2 1
rnoblega/client-form3/src/application.go:12.66,16.2 1 0
rnoblega/client-form3/src/service_client/create.go:10.85,17.16 5 1
rnoblega/client-form3/src/service_client/create.go:22.2,23.32 2 1
rnoblega/client-form3/src/service_client/create.go:29.2,29.37 1 1
rnoblega/client-form3/src/service_client/create.go:17.16,20.3 2 0
rnoblega/client-form3/src/service_client/create.go:23.32,27.3 3 1
rnoblega/client-form3/src/service_client/delete.go:9.67,16.16 5 1
rnoblega/client-form3/src/service_client/delete.go:21.2,21.32 1 1
rnoblega/client-form3/src/service_client/delete.go:27.2,27.18 1 1
rnoblega/client-form3/src/service_client/delete.go:16.16,19.3 2 0
rnoblega/client-form3/src/service_client/delete.go:21.32,25.3 3 1
rnoblega/client-form3/src/service_client/error_builder.go:7.29,9.2 1 1
rnoblega/client-form3/src/service_client/request_builder.go:12.111,22.2 7 1
rnoblega/client-form3/src/service_client/request_builder.go:24.74,31.2 5 1
rnoblega/client-form3/src/service_client/response_interpreter.go:9.71,15.16 4 1
rnoblega/client-form3/src/service_client/response_interpreter.go:20.2,20.31 1 1
rnoblega/client-form3/src/service_client/response_interpreter.go:15.16,18.3 2 0
rnoblega/client-form3/src/application.go:12.66,16.2 1 1
rnoblega/client-form3/src/configuration/instrumentation.go:5.29,7.2 1 1
rnoblega/client-form3/src/service_client/fetch.go:10.66,17.16 5 1
rnoblega/client-form3/src/service_client/fetch.go:22.2,24.32 2 1
rnoblega/client-form3/src/service_client/fetch.go:30.2,30.37 1 1
rnoblega/client-form3/src/service_client/fetch.go:17.16,20.3 2 0
rnoblega/client-form3/src/service_client/fetch.go:24.32,28.3 3 1
rnoblega/client-form3/src/service_client/gateway.go:20.62,25.2 1 1
rnoblega/client-form3/src/service_client/path_builder.go:8.40,10.2 1 1
rnoblega/client-form3/src/service_client/path_builder.go:12.32,14.2 1 1
rnoblega/client-form3/src/service_client/path_builder.go:16.56,18.2 1 1
